<?xml version="1.0" encoding="UTF-8"?>
<!-- Generated by org.testng.reporters.JUnitReportReporter -->
<testsuite hostname="DESKTOP-4G6V73A" failures="0" tests="3" name="Tutorial1.Demo2" time="0.011" errors="0" timestamp="2023-02-21T08:06:45 IST" skipped="0">
  <testcase classname="Tutorial1.Demo2" name="loginFunctionality" time="0.009"/>
  <system-out/>
  <testcase classname="Tutorial1.Demo2" name="homePageFunctionality" time="0.001"/>
  <system-out/>
  <testcase classname="Tutorial1.Demo2" name="pimPageFunctionality" time="0.001"/>
  <system-out/>
</testsuite> <!-- Tutorial1.Demo2 -->
