<?xml version="1.0" encoding="UTF-8"?>
<!-- Generated by org.testng.reporters.JUnitReportReporter -->
<testsuite hostname="DESKTOP-4G6V73A" failures="0" tests="3" name="Tutorial1.Demo1" time="0.026" errors="0" timestamp="2023-02-21T08:00:51 IST" skipped="0">
  <testcase classname="Tutorial1.Demo1" name="pqr" time="0.005"/>
  <system-out/>
  <testcase classname="Tutorial1.Demo1" name="xyz" time="0.002"/>
  <system-out/>
  <testcase classname="Tutorial1.Demo1" name="abc" time="0.019"/>
  <system-out/>
</testsuite> <!-- Tutorial1.Demo1 -->
