<?xml version="1.0" encoding="UTF-8"?>
<!-- Generated by org.testng.reporters.JUnitReportReporter -->
<testsuite hostname="DESKTOP-4G6V73A" failures="0" tests="2" name="TestLayer.RegisterPageTest" time="9.485" errors="0" timestamp="2023-02-21T19:55:53 IST" skipped="0">
  <testcase classname="TestLayer.RegisterPageTest" name="openABrowser" time="8.014"/>
  <system-out/>
  <testcase classname="TestLayer.RegisterPageTest" name="validateContactInformation" time="1.471"/>
  <system-out/>
</testsuite> <!-- TestLayer.RegisterPageTest -->
