<?xml version="1.0" encoding="UTF-8"?>
<!-- Generated by org.testng.reporters.JUnitReportReporter -->
<testsuite hostname="DESKTOP-4G6V73A" failures="0" tests="2" name="Tutorial1.Demo4" time="0.009" errors="0" timestamp="2023-02-21T08:49:52 IST" skipped="0">
  <testcase classname="Tutorial1.Demo4" name="abc" time="0.007"/>
  <system-out/>
  <testcase classname="Tutorial1.Demo4" name="xyz" time="0.002"/>
  <system-out/>
</testsuite> <!-- Tutorial1.Demo4 -->
