<?xml version="1.0" encoding="UTF-8"?>
<!-- Generated by org.testng.reporters.JUnitReportReporter -->
<testsuite hostname="DESKTOP-4G6V73A" failures="0" tests="3" name="Tutorial1.OrangeHRM" time="9.645" errors="0" timestamp="2023-02-21T08:34:20 IST" skipped="0">
  <testcase classname="Tutorial1.OrangeHRM" name="loginFunctionality" time="6.401"/>
  <system-out/>
  <testcase classname="Tutorial1.OrangeHRM" name="homePageFunctionality" time="1.256"/>
  <system-out/>
  <testcase classname="Tutorial1.OrangeHRM" name="pimPageFunctionality" time="1.988"/>
  <system-out/>
</testsuite> <!-- Tutorial1.OrangeHRM -->
