<?xml version="1.0" encoding="UTF-8"?>
<!-- Generated by org.testng.reporters.JUnitReportReporter -->
<testsuite hostname="DESKTOP-4G6V73A" failures="0" tests="2" name="com.Guru99.TestLayer.RegisterPageTest" time="9.621" errors="0" timestamp="2023-02-21T19:12:07 IST" skipped="0">
  <testcase classname="com.Guru99.TestLayer.RegisterPageTest" name="openABrowser" time="8.409"/>
  <system-out/>
  <testcase classname="com.Guru99.TestLayer.RegisterPageTest" name="verifyContactInformation" time="1.212"/>
  <system-out/>
</testsuite> <!-- com.Guru99.TestLayer.RegisterPageTest -->
