<?xml version="1.0" encoding="UTF-8"?>
<!-- Generated by org.testng.reporters.JUnitReportReporter -->
<testsuite hostname="DESKTOP-4G6V73A" failures="0" tests="4" name="Tutorial1.Demo3" time="0.016" errors="0" timestamp="2023-02-21T08:17:38 IST" skipped="0">
  <testcase classname="Tutorial1.Demo3" name="pqr" time="0.002"/>
  <system-out/>
  <testcase classname="Tutorial1.Demo3" name="lmn" time="0.011"/>
  <system-out/>
  <testcase classname="Tutorial1.Demo3" name="abc" time="0.001"/>
  <system-out/>
  <testcase classname="Tutorial1.Demo3" name="xyz" time="0.002"/>
  <system-out/>
</testsuite> <!-- Tutorial1.Demo3 -->
